         465672 function calls (465586 primitive calls) in 9.154 seconds

   Ordered by: cumulative time

   ncalls  tottime  percall  cumtime  percall filename:lineno(function)
        1    0.000    0.000    9.154    9.154 /home/wolverine/.pyenv/python3/lib/python3.10/site-packages/tornado/ioloop.py:462(run_sync)
        1    0.000    0.000    9.154    9.154 /home/wolverine/.pyenv/python3/lib/python3.10/site-packages/tornado/platform/asyncio.py:210(start)
        1    0.001    0.001    9.154    9.154 /usr/lib/python3.10/asyncio/base_events.py:589(run_forever)
      200    0.007    0.000    9.153    0.046 /usr/lib/python3.10/asyncio/base_events.py:1832(_run_once)
      200    0.005    0.000    8.848    0.044 /usr/lib/python3.10/selectors.py:452(select)
      200    8.843    0.044    8.843    0.044 {method 'poll' of 'select.epoll' objects}
      313    0.001    0.000    0.296    0.001 /usr/lib/python3.10/asyncio/events.py:78(_run)
      313    0.004    0.000    0.295    0.001 {method 'run' of '_contextvars.Context' objects}
       30    0.002    0.000    0.146    0.005 /home/wolverine/bin/running/backtest_runner3.py:901(ws_loop)
       68    0.075    0.001    0.141    0.002 /home/wolverine/bin/running/backtest_runner3.py:233(decode)
       57    0.001    0.000    0.047    0.001 /home/wolverine/.pyenv/python3/lib/python3.10/site-packages/tornado/platform/asyncio.py:206(_handle_events)
       57    0.003    0.000    0.046    0.001 /home/wolverine/.pyenv/python3/lib/python3.10/site-packages/tornado/iostream.py:677(_handle_events)
       30    0.004    0.000    0.041    0.001 /home/wolverine/.pyenv/python3/lib/python3.10/site-packages/tornado/simple_httpclient.py:288(run)
       42    0.002    0.000    0.030    0.001 /home/wolverine/.pyenv/python3/lib/python3.10/site-packages/tornado/websocket.py:1124(_receive_frame_loop)
       45    0.001    0.000    0.030    0.001 /home/wolverine/.pyenv/python3/lib/python3.10/site-packages/tornado/iostream.py:1415(_handle_read)
      158    0.005    0.000    0.029    0.000 /home/wolverine/.pyenv/python3/lib/python3.10/site-packages/tornado/websocket.py:1137(_receive_frame)
       19    0.001    0.000    0.026    0.001 /home/wolverine/.pyenv/python3/lib/python3.10/site-packages/tornado/iostream.py:1358(_do_ssl_handshake)
       19    0.000    0.000    0.025    0.001 /usr/lib/python3.10/ssl.py:1364(do_handshake)
       19    0.024    0.001    0.024    0.001 {method 'do_handshake' of '_ssl._SSLSocket' objects}
      297    0.002    0.000    0.018    0.000 /home/wolverine/.pyenv/python3/lib/python3.10/site-packages/tornado/websocket.py:1132(_read_bytes)
      292    0.001    0.000    0.016    0.000 /home/wolverine/.pyenv/python3/lib/python3.10/site-packages/tornado/iostream.py:400(read_bytes)
       12    0.001    0.000    0.016    0.001 /home/wolverine/.pyenv/python3/lib/python3.10/site-packages/tornado/simple_httpclient.py:514(_write_body)
        4    0.001    0.000    0.015    0.004 /home/wolverine/bin/running/calculator3_test.py:36(work)
       12    0.001    0.000    0.014    0.001 /home/wolverine/.pyenv/python3/lib/python3.10/site-packages/tornado/http1connection.py:188(_read_message)
      308    0.002    0.000    0.013    0.000 /home/wolverine/.pyenv/python3/lib/python3.10/site-packages/tornado/iostream.py:823(_try_inline_read)
       24    0.001    0.000    0.011    0.000 /home/wolverine/.pyenv/python3/lib/python3.10/site-packages/tornado/tcpclient.py:221(connect)
      630    0.000    0.000    0.009    0.000 /home/wolverine/bin/running/pycaitlyn.py:7052(get_fields)
    46569    0.005    0.000    0.009    0.000 /home/wolverine/bin/running/pycaitlyn.py:6934(get_name)
      630    0.009    0.000    0.009    0.000 {built-in method _pycaitlyn.IndexMeta_get_fields}
        1    0.000    0.000    0.009    0.009 /home/wolverine/bin/running/pycaitlyn.py:7112(load)
        1    0.009    0.009    0.009    0.009 {built-in method _pycaitlyn.IndexSchema_load}
        1    0.000    0.000    0.008    0.008 /home/wolverine/bin/running/pycaitlyn.py:7118(metas)
        1    0.008    0.008    0.008    0.008 {built-in method _pycaitlyn.IndexSchema_metas}
    46569    0.006    0.000    0.008    0.000 /home/wolverine/bin/running/pycaitlyn.py:6928(get_pos)
        1    0.000    0.000    0.008    0.008 /usr/lib/python3.10/traceback.py:177(print_exc)
        1    0.000    0.000    0.008    0.008 /usr/lib/python3.10/traceback.py:104(print_exception)
       97    0.001    0.000    0.008    0.000 /home/wolverine/.pyenv/python3/lib/python3.10/site-packages/tornado/iostream.py:730(_read_to_buffer_loop)
       57    0.001    0.000    0.008    0.000 /home/wolverine/.pyenv/python3/lib/python3.10/site-packages/tornado/platform/asyncio.py:175(update_handler)
    46569    0.005    0.000    0.007    0.000 /home/wolverine/bin/running/pycaitlyn.py:6940(get_type)
        1    0.000    0.000    0.007    0.007 /usr/lib/python3.10/traceback.py:489(__init__)
       11    0.000    0.000    0.007    0.001 /home/wolverine/bin/running/backtest_runner3.py:1125(run)
        1    0.000    0.000    0.007    0.007 /usr/lib/python3.10/traceback.py:338(extract)
       12    0.000    0.000    0.007    0.001 /usr/lib/python3.10/traceback.py:301(line)
        3    0.000    0.000    0.007    0.002 /usr/lib/python3.10/linecache.py:26(getline)
        3    0.000    0.000    0.007    0.002 /usr/lib/python3.10/linecache.py:36(getlines)
        2    0.000    0.000    0.007    0.003 /usr/lib/python3.10/linecache.py:80(updatecache)
      307    0.001    0.000    0.007    0.000 /home/wolverine/.pyenv/python3/lib/python3.10/site-packages/tornado/iostream.py:891(_read_from_buffer)
       32    0.000    0.000    0.007    0.000 /home/wolverine/.pyenv/python3/lib/python3.10/site-packages/tornado/iostream.py:771(_handle_read)
        4    0.003    0.001    0.007    0.002 /home/wolverine/bin/running/calculator3_test.py:43(_work)
       97    0.001    0.000    0.006    0.000 /home/wolverine/.pyenv/python3/lib/python3.10/site-packages/tornado/iostream.py:845(_read_to_buffer)
        2    0.000    0.000    0.006    0.003 /usr/lib/python3.10/tokenize.py:390(open)
      307    0.002    0.000    0.006    0.000 /home/wolverine/.pyenv/python3/lib/python3.10/site-packages/tornado/iostream.py:808(_finish_read)
       74    0.000    0.000    0.006    0.000 /home/wolverine/.pyenv/python3/lib/python3.10/site-packages/tornado/websocket.py:1220(_handle_message)
        9    0.000    0.000    0.006    0.001 /home/wolverine/bin/running/backtest_runner3.py:1106(start)
        1    0.000    0.000    0.005    0.005 /usr/lib/python3.10/encodings/__init__.py:71(search_function)
       74    0.001    0.000    0.005    0.000 /home/wolverine/.pyenv/python3/lib/python3.10/site-packages/tornado/websocket.py:650(_run_callback)
        1    0.000    0.000    0.005    0.005 {built-in method builtins.__import__}
       97    0.001    0.000    0.005    0.000 /home/wolverine/.pyenv/python3/lib/python3.10/site-packages/tornado/iostream.py:1529(read_from_fd)
        1    0.000    0.000    0.005    0.005 <frozen importlib._bootstrap>:1022(_find_and_load)
        1    0.000    0.000    0.005    0.005 <frozen importlib._bootstrap>:987(_find_and_load_unlocked)
       19    0.000    0.000    0.005    0.000 /home/wolverine/.pyenv/python3/lib/python3.10/site-packages/tornado/iostream.py:1421(_handle_write)
        6    0.000    0.000    0.005    0.001 /home/wolverine/.pyenv/python3/lib/python3.10/site-packages/tornado/iostream.py:1194(start_tls)
        6    0.000    0.000    0.005    0.001 /home/wolverine/.pyenv/python3/lib/python3.10/site-packages/tornado/http1connection.py:581(_parse_headers)
        8    0.000    0.000    0.004    0.001 /home/wolverine/bin/running/backtest_runner3.py:855(shakehand)
        6    0.001    0.000    0.004    0.001 /home/wolverine/.pyenv/python3/lib/python3.10/site-packages/tornado/httputil.py:291(parse)
       97    0.001    0.000    0.004    0.000 /usr/lib/python3.10/ssl.py:1292(recv_into)
    46569    0.004    0.000    0.004    0.000 {built-in method _pycaitlyn.Field_get_name}
        4    0.004    0.001    0.004    0.001 {method 'read' of '_io.BufferedReader' objects}
       51    0.004    0.000    0.004    0.000 /home/wolverine/.pyenv/python3/lib/python3.10/site-packages/tornado/iostream.py:1352(reading)
        6    0.000    0.000    0.004    0.001 /home/wolverine/.pyenv/python3/lib/python3.10/site-packages/tornado/http1connection.py:384(write_headers)
       10    0.000    0.000    0.004    0.000 /home/wolverine/bin/running/backtest_runner3.py:151(_post)
       97    0.000    0.000    0.003    0.000 /usr/lib/python3.10/ssl.py:1150(read)
       98    0.001    0.000    0.003    0.000 /home/wolverine/.pyenv/python3/lib/python3.10/site-packages/tornado/httputil.py:240(parse_line)
       10    0.001    0.000    0.003    0.000 /home/wolverine/bin/running/backtest_runner3.py:125(_fetch)
      405    0.001    0.000    0.003    0.000 /home/wolverine/.pyenv/python3/lib/python3.10/site-packages/tornado/concurrent.py:185(future_set_result_unless_cancelled)
       39    0.000    0.000    0.003    0.000 /home/wolverine/.pyenv/python3/lib/python3.10/site-packages/tornado/iostream.py:1015(_add_io_state)
    47871    0.003    0.000    0.003    0.000 {method 'decode' of 'bytes' objects}
      240    0.001    0.000    0.003    0.000 /usr/lib/python3.10/asyncio/base_events.py:743(call_soon)
       32    0.000    0.000    0.003    0.000 /usr/lib/python3.10/asyncio/selector_events.py:328(add_reader)
        6    0.000    0.000    0.003    0.001 /home/wolverine/.pyenv/python3/lib/python3.10/site-packages/tornado/tcpclient.py:104(start)
        1    0.000    0.000    0.003    0.003 <frozen importlib._bootstrap>:664(_load_unlocked)
       31    0.000    0.000    0.003    0.000 /usr/lib/python3.10/asyncio/selector_events.py:333(remove_reader)
       97    0.003    0.000    0.003    0.000 {method 'read' of '_ssl._SSLSocket' objects}
        1    0.000    0.000    0.003    0.003 /home/wolverine/bin/running/pycaitlyn.py:7109(save)
        1    0.003    0.003    0.003    0.003 {built-in method _pycaitlyn.IndexSchema_save}
      517    0.001    0.000    0.003    0.000 {method 'set_result' of '_asyncio.Future' objects}
        1    0.000    0.000    0.003    0.003 /home/wolverine/bin/running/pycaitlyn.py:7135(update_schema_from_binary)
        1    0.003    0.003    0.003    0.003 {built-in method _pycaitlyn.IndexSerializer_update_schema_from_binary}
       12    0.000    0.000    0.003    0.000 /home/wolverine/.pyenv/python3/lib/python3.10/site-packages/tornado/netutil.py:428(resolve)
        1    0.000    0.000    0.003    0.003 <frozen importlib._bootstrap_external>:877(exec_module)
     1495    0.001    0.000    0.003    0.000 {built-in method builtins.isinstance}
    93331    0.003    0.000    0.003    0.000 {method 'append' of 'list' objects}
       12    0.000    0.000    0.003    0.000 /usr/lib/python3.10/asyncio/base_events.py:856(getaddrinfo)
        8    0.000    0.000    0.003    0.000 /home/wolverine/.pyenv/python3/lib/python3.10/site-packages/tornado/tcpclient.py:115(try_connect)
        6    0.000    0.000    0.003    0.000 /usr/lib/python3.10/asyncio/base_events.py:807(run_in_executor)
        6    0.000    0.000    0.003    0.000 /usr/lib/python3.10/ssl.py:741(create_default_context)
        5    0.000    0.000    0.003    0.001 /home/wolverine/.pyenv/python3/lib/python3.10/site-packages/tornado/http1connection.py:660(_read_chunked_body)
       82    0.000    0.000    0.003    0.000 /usr/lib/python3.10/functools.py:884(wrapper)
    46569    0.003    0.000    0.003    0.000 {built-in method _pycaitlyn.Field_get_pos}
        1    0.000    0.000    0.003    0.003 <frozen importlib._bootstrap_external>:950(get_code)
       32    0.001    0.000    0.003    0.000 /usr/lib/python3.10/asyncio/selector_events.py:252(_add_reader)
        6    0.000    0.000    0.002    0.000 /home/wolverine/.pyenv/python3/lib/python3.10/site-packages/tornado/tcpclient.py:297(_create_stream)
        6    0.000    0.000    0.002    0.000 /home/wolverine/.pyenv/python3/lib/python3.10/site-packages/tornado/simple_httpclient.py:449(_get_ssl_options)
       74    0.000    0.000    0.002    0.000 /home/wolverine/.pyenv/python3/lib/python3.10/site-packages/tornado/websocket.py:1573(on_message)
        5    0.000    0.000    0.002    0.000 /home/wolverine/.pyenv/python3/lib/python3.10/site-packages/tornado/http1connection.py:748(finish)
    46569    0.002    0.000    0.002    0.000 {built-in method _pycaitlyn.Field_get_type}
        6    0.000    0.000    0.002    0.000 /home/wolverine/.pyenv/python3/lib/python3.10/site-packages/tornado/netutil.py:643(ssl_wrap_socket)
        1    0.000    0.000    0.002    0.002 <frozen importlib._bootstrap_external>:1070(get_data)
       74    0.000    0.000    0.002    0.000 /home/wolverine/.pyenv/python3/lib/python3.10/site-packages/tornado/websocket.py:1576(_on_message)
        5    0.000    0.000    0.002    0.000 /home/wolverine/.pyenv/python3/lib/python3.10/site-packages/tornado/simple_httpclient.py:622(finish)
        6    0.000    0.000    0.002    0.000 /usr/lib/python3.10/ssl.py:507(wrap_socket)
       13    0.000    0.000    0.002    0.000 /home/wolverine/.pyenv/python3/lib/python3.10/site-packages/tornado/iostream.py:503(write)
        6    0.000    0.000    0.002    0.000 /usr/lib/python3.10/ssl.py:1014(_create)
       31    0.001    0.000    0.002    0.000 /usr/lib/python3.10/asyncio/selector_events.py:268(_remove_reader)
       88    0.002    0.000    0.002    0.000 {built-in method __new__ of type object at 0xaaaad20c1a08}
        4    0.000    0.000    0.002    0.001 /home/wolverine/bin/running/backtest_runner3.py:466(rev)
       74    0.000    0.000    0.002    0.000 /home/wolverine/.pyenv/python3/lib/python3.10/site-packages/tornado/queues.py:186(put)
        6    0.000    0.000    0.002    0.000 /home/wolverine/.pyenv/python3/lib/python3.10/site-packages/tornado/iostream.py:1127(connect)
        6    0.000    0.000    0.002    0.000 /usr/lib/python3.10/concurrent/futures/thread.py:161(submit)
        6    0.000    0.000    0.002    0.000 /usr/lib/python3.10/ssl.py:488(__new__)
        1    0.000    0.000    0.002    0.002 <frozen importlib._bootstrap>:921(_find_spec)
      241    0.001    0.000    0.002    0.000 /usr/lib/python3.10/asyncio/base_events.py:772(_call_soon)
        6    0.002    0.000    0.002    0.000 {built-in method posix.stat}
        1    0.000    0.000    0.002    0.002 <frozen importlib._bootstrap_external>:1431(find_spec)
        1    0.000    0.000    0.002    0.002 <frozen importlib._bootstrap_external>:1399(_get_spec)
        1    0.000    0.000    0.002    0.002 <frozen importlib._bootstrap_external>:1536(find_spec)
        6    0.000    0.000    0.002    0.000 /usr/lib/python3.10/concurrent/futures/thread.py:180(_adjust_thread_count)
       75    0.000    0.000    0.002    0.000 /home/wolverine/.pyenv/python3/lib/python3.10/site-packages/tornado/websocket.py:1553(read_message)
        3    0.000    0.000    0.002    0.001 <frozen importlib._bootstrap_external>:140(_path_stat)
       85    0.001    0.000    0.002    0.000 /home/wolverine/.pyenv/python3/lib/python3.10/site-packages/tornado/httputil.py:203(add)
        1    0.000    0.000    0.002    0.002 <frozen importlib._bootstrap_external>:159(_path_isfile)
        1    0.000    0.000    0.002    0.002 <frozen importlib._bootstrap_external>:150(_path_is_mode_type)
      328    0.000    0.000    0.002    0.000 /usr/lib/python3.10/abc.py:117(__instancecheck__)
       19    0.000    0.000    0.002    0.000 /home/wolverine/.pyenv/python3/lib/python3.10/site-packages/tornado/iostream.py:947(_handle_write)
        1    0.000    0.000    0.002    0.002 /usr/lib/python3.10/threading.py:916(start)
       74    0.001    0.000    0.002    0.000 /home/wolverine/.pyenv/python3/lib/python3.10/site-packages/tornado/queues.py:209(put_nowait)
       75    0.000    0.000    0.002    0.000 /home/wolverine/.pyenv/python3/lib/python3.10/site-packages/tornado/queues.py:225(get)
        6    0.000    0.000    0.002    0.000 {method 'extend' of 'list' objects}
       87    0.001    0.000    0.002    0.000 /usr/lib/python3.10/selectors.py:181(get_key)
      328    0.001    0.000    0.002    0.000 {built-in method _abc._abc_instancecheck}
        5    0.000    0.000    0.001    0.000 /home/wolverine/.pyenv/python3/lib/python3.10/site-packages/tornado/simple_httpclient.py:687(_on_end_request)
        5    0.000    0.000    0.001    0.000 /home/wolverine/.pyenv/python3/lib/python3.10/site-packages/tornado/httpclient.py:249(fetch)
        5    0.000    0.000    0.001    0.000 /home/wolverine/.pyenv/python3/lib/python3.10/site-packages/tornado/iostream.py:560(close)
        6    0.001    0.000    0.001    0.000 {method 'connect' of '_socket.socket' objects}
        2    0.000    0.000    0.001    0.001 /usr/lib/python3.10/threading.py:288(wait)
        1    0.000    0.000    0.001    0.001 /usr/lib/python3.10/threading.py:589(wait)
        8    0.001    0.000    0.001    0.000 {method 'acquire' of '_thread.lock' objects}
        2    0.000    0.000    0.001    0.001 /home/wolverine/bin/running/backtest_runner3.py:167(me)
       82    0.001    0.000    0.001    0.000 /home/wolverine/.pyenv/python3/lib/python3.10/site-packages/tornado/gen.py:872(convert_yielded)
      304    0.001    0.000    0.001    0.000 /usr/lib/python3.10/asyncio/events.py:31(__init__)
       90    0.000    0.000    0.001    0.000 /home/wolverine/.pyenv/python3/lib/python3.10/site-packages/tornado/ioloop.py:750(_run_callback)
       43    0.000    0.000    0.001    0.000 /home/wolverine/.pyenv/python3/lib/python3.10/site-packages/tornado/http1connection.py:453(<genexpr>)
        6    0.000    0.000    0.001    0.000 /home/wolverine/.pyenv/python3/lib/python3.10/site-packages/tornado/iostream.py:326(read_until_regex)
        6    0.001    0.000    0.001    0.000 {method '_wrap_socket' of '_ssl._SSLContext' objects}
        6    0.000    0.000    0.001    0.000 /home/wolverine/.pyenv/python3/lib/python3.10/site-packages/tornado/iostream.py:1329(__init__)
      200    0.001    0.000    0.001    0.000 /usr/lib/python3.10/asyncio/selector_events.py:600(_process_events)
       18    0.000    0.000    0.001    0.000 /home/wolverine/.pyenv/python3/lib/python3.10/site-packages/tornado/ioloop.py:563(add_timeout)
        5    0.000    0.000    0.001    0.000 /home/wolverine/.pyenv/python3/lib/python3.10/site-packages/tornado/iostream.py:1103(close_fd)
       12    0.000    0.000    0.001    0.000 /home/wolverine/.pyenv/python3/lib/python3.10/site-packages/tornado/platform/asyncio.py:161(add_handler)
       68    0.000    0.000    0.001    0.000 /home/wolverine/bin/running/pycaitlyn.py:6795(decode_string)
        5    0.000    0.000    0.001    0.000 /usr/lib/python3.10/socket.py:498(close)
       75    0.000    0.000    0.001    0.000 /home/wolverine/.pyenv/python3/lib/python3.10/site-packages/tornado/queues.py:256(get_nowait)
        8    0.000    0.000    0.001    0.000 /home/wolverine/bin/running/backtest_runner3.py:359(call_once)
      308    0.001    0.000    0.001    0.000 /home/wolverine/.pyenv/python3/lib/python3.10/site-packages/tornado/iostream.py:785(_start_read)
        5    0.001    0.000    0.001    0.000 /usr/lib/python3.10/ssl.py:1360(_real_close)
       68    0.001    0.000    0.001    0.000 {built-in method _pycaitlyn.NetPackage_decode_string}
      405    0.001    0.000    0.001    0.000 /home/wolverine/.pyenv/python3/lib/python3.10/site-packages/tornado/iostream.py:901(_find_read_pos)
      307    0.001    0.000    0.001    0.000 /home/wolverine/.pyenv/python3/lib/python3.10/site-packages/tornado/iostream.py:985(_consume)
       12    0.000    0.000    0.001    0.000 /usr/lib/python3.10/asyncio/selector_events.py:338(add_writer)
       87    0.000    0.000    0.001    0.000 /usr/lib/python3.10/selectors.py:70(__getitem__)
        2    0.000    0.000    0.001    0.000 /home/wolverine/bin/running/backtest_runner3.py:936(connect)
      350    0.001    0.000    0.001    0.000 /home/wolverine/.pyenv/python3/lib/python3.10/site-packages/tornado/iostream.py:1000(_maybe_add_error_listener)
       12    0.000    0.000    0.001    0.000 /usr/lib/python3.10/asyncio/selector_events.py:343(remove_writer)
       98    0.000    0.000    0.001    0.000 /usr/lib/python3.10/re.py:197(search)
      110    0.000    0.000    0.001    0.000 /usr/lib/python3.10/re.py:288(_compile)
        5    0.000    0.000    0.001    0.000 /home/wolverine/.pyenv/python3/lib/python3.10/site-packages/tornado/http1connection.py:487(write)
        6    0.000    0.000    0.001    0.000 /home/wolverine/.pyenv/python3/lib/python3.10/site-packages/tornado/simple_httpclient.py:499(_create_connection)
       87    0.001    0.000    0.001    0.000 /usr/lib/python3.10/asyncio/selector_events.py:234(_ensure_fd_no_transport)
       31    0.000    0.000    0.001    0.000 /usr/lib/python3.10/selectors.py:366(unregister)
        7    0.000    0.000    0.001    0.000 /usr/lib/python3.10/json/__init__.py:299(loads)
       82    0.000    0.000    0.001    0.000 /usr/lib/python3.10/functools.py:818(dispatch)
       18    0.000    0.000    0.001    0.000 /home/wolverine/.pyenv/python3/lib/python3.10/site-packages/tornado/platform/asyncio.py:216(call_at)
       69    0.000    0.000    0.001    0.000 /home/wolverine/bin/running/pycaitlyn.py:6753(__init__)
        2    0.000    0.000    0.001    0.000 /home/wolverine/bin/running/backtest_runner3.py:192(edit_algo)
       43    0.001    0.000    0.001    0.000 /home/wolverine/.pyenv/python3/lib/python3.10/site-packages/tornado/http1connection.py:450(<genexpr>)
      335    0.000    0.000    0.001    0.000 /home/wolverine/.pyenv/python3/lib/python3.10/site-packages/tornado/httpclient.py:747(__getattr__)
       24    0.000    0.000    0.001    0.000 /usr/lib/python3.10/selectors.py:376(modify)
        5    0.000    0.000    0.001    0.000 /home/wolverine/.pyenv/python3/lib/python3.10/site-packages/tornado/http1connection.py:727(data_received)
      174    0.001    0.000    0.001    0.000 /usr/lib/python3.10/selectors.py:216(_fileobj_lookup)
       12    0.000    0.000    0.001    0.000 /usr/lib/python3.10/asyncio/selector_events.py:289(_add_writer)
       13    0.000    0.000    0.001    0.000 /home/wolverine/.pyenv/python3/lib/python3.10/site-packages/tornado/iostream.py:1506(write_to_fd)
        5    0.000    0.000    0.001    0.000 /home/wolverine/.pyenv/python3/lib/python3.10/site-packages/tornado/simple_httpclient.py:162(fetch_impl)
        6    0.000    0.000    0.001    0.000 /home/wolverine/.pyenv/python3/lib/python3.10/site-packages/tornado/simple_httpclient.py:255(__init__)
       82    0.000    0.000    0.001    0.000 /home/wolverine/.pyenv/python3/lib/python3.10/site-packages/tornado/ioloop.py:682(add_future)
       32    0.000    0.000    0.001    0.000 /usr/lib/python3.10/selectors.py:352(register)
       12    0.000    0.000    0.001    0.000 /usr/lib/python3.10/asyncio/selector_events.py:305(_remove_writer)
       10    0.000    0.000    0.001    0.000 /usr/lib/python3.10/asyncio/tasks.py:610(ensure_future)
       11    0.000    0.000    0.001    0.000 /home/wolverine/.pyenv/python3/lib/python3.10/site-packages/tornado/platform/asyncio.py:194(remove_handler)
        1    0.000    0.000    0.001    0.001 /home/wolverine/.pyenv/python3/lib/python3.10/site-packages/tornado/ioloop.py:500(run)
       12    0.000    0.000    0.001    0.000 /usr/lib/python3.10/asyncio/tasks.py:618(_ensure_future)
      128    0.000    0.000    0.001    0.000 /usr/lib/python3.10/_collections_abc.py:828(__contains__)
  326/313    0.000    0.000    0.001    0.000 /usr/lib/python3.10/abc.py:121(__subclasscheck__)
        2    0.000    0.000    0.001    0.000 /home/wolverine/.pyenv/python3/lib/python3.10/site-packages/tornado/websocket.py:1537(write_message)
       13    0.000    0.000    0.001    0.000 /usr/lib/python3.10/ssl.py:1228(send)
       10    0.000    0.000    0.001    0.000 /home/wolverine/.pyenv/python3/lib/python3.10/site-packages/tornado/simple_httpclient.py:189(_process_queue)
       13    0.000    0.000    0.001    0.000 /home/wolverine/.pyenv/python3/lib/python3.10/site-packages/tornado/httputil.py:189(__init__)
        8    0.000    0.000    0.001    0.000 /home/wolverine/.pyenv/python3/lib/python3.10/site-packages/tornado/gen.py:859(_wrap_awaitable)
        2    0.000    0.000    0.001    0.000 /home/wolverine/.pyenv/python3/lib/python3.10/site-packages/tornado/websocket.py:1084(write_message)
  385/350    0.001    0.000    0.001    0.000 {built-in method builtins.getattr}
       11    0.000    0.000    0.001    0.000 /usr/lib/python3.10/json/__init__.py:183(dumps)
       99    0.000    0.000    0.001    0.000 {method 'add_done_callback' of '_asyncio.Future' objects}
       19    0.000    0.000    0.001    0.000 /usr/lib/python3.10/asyncio/base_events.py:705(call_later)
       10    0.000    0.000    0.001    0.000 /home/wolverine/.pyenv/python3/lib/python3.10/site-packages/tornado/iostream.py:365(read_until)
        6    0.000    0.000    0.001    0.000 /usr/lib/python3.10/traceback.py:652(format)
       51    0.000    0.000    0.001    0.000 /home/wolverine/.pyenv/python3/lib/python3.10/site-packages/tornado/iostream.py:1355(writing)
        5    0.000    0.000    0.001    0.000 /home/wolverine/.pyenv/python3/lib/python3.10/site-packages/tornado/simple_httpclient.py:202(_handle_request)
        3    0.000    0.000    0.001    0.000 /usr/lib/python3.10/sre_compile.py:783(compile)
        6    0.000    0.000    0.001    0.000 /home/wolverine/.pyenv/python3/lib/python3.10/site-packages/tornado/http1connection.py:713(headers_received)
       13    0.001    0.000    0.001    0.000 {method 'write' of '_ssl._SSLSocket' objects}
       18    0.000    0.000    0.001    0.000 /home/wolverine/.pyenv/python3/lib/python3.10/site-packages/tornado/iostream.py:1298(set_nodelay)
        2    0.000    0.000    0.001    0.000 /home/wolverine/bin/running/backtest_runner3.py:179(add_algo)
     2522    0.000    0.000    0.001    0.000 /home/wolverine/bin/running/pycaitlyn.py:7004(get_namespace)
       12    0.000    0.000    0.001    0.000 /home/wolverine/.pyenv/python3/lib/python3.10/site-packages/tornado/iostream.py:1095(__init__)
  326/313    0.001    0.000    0.001    0.000 {built-in method _abc._abc_subclasscheck}
        5    0.001    0.000    0.001    0.000 {built-in method io.open}
       13    0.000    0.000    0.001    0.000 /usr/lib/python3.10/_collections_abc.py:991(update)
       81    0.000    0.000    0.001    0.000 /home/wolverine/.pyenv/python3/lib/python3.10/site-packages/tornado/ioloop.py:707(<lambda>)
       24    0.000    0.000    0.000    0.000 /usr/lib/python3.10/socket.py:514(family)
       11    0.000    0.000    0.000    0.000 /usr/lib/python3.10/json/encoder.py:182(encode)
        1    0.000    0.000    0.000    0.000 /home/wolverine/.pyenv/python3/lib/python3.10/site-packages/tornado/websocket.py:1632(websocket_connect)
        5    0.000    0.000    0.000    0.000 /home/wolverine/.pyenv/python3/lib/python3.10/site-packages/tornado/util.py:81(decompress)
1352/1345    0.000    0.000    0.000    0.000 {built-in method builtins.len}
        6    0.000    0.000    0.000    0.000 /home/wolverine/.pyenv/python3/lib/python3.10/site-packages/tornado/http1connection.py:505(finish)
        5    0.000    0.000    0.000    0.000 {method 'decompress' of 'zlib.Decompress' objects}
       13    0.000    0.000    0.000    0.000 /usr/lib/python3.10/asyncio/base_events.py:431(create_task)
        7    0.000    0.000    0.000    0.000 /usr/lib/python3.10/json/decoder.py:332(decode)
        2    0.000    0.000    0.000    0.000 {method 'readlines' of '_io._IOBase' objects}
      284    0.000    0.000    0.000    0.000 /usr/lib/python3.10/asyncio/base_events.py:696(time)
        6    0.000    0.000    0.000    0.000 /home/wolverine/.pyenv/python3/lib/python3.10/site-packages/tornado/tcpclient.py:133(on_connect_done)
       23    0.000    0.000    0.000    0.000 /home/wolverine/.pyenv/python3/lib/python3.10/site-packages/tornado/concurrent.py:259(future_add_done_callback)
       19    0.000    0.000    0.000    0.000 /usr/lib/python3.10/asyncio/base_events.py:727(call_at)
        1    0.000    0.000    0.000    0.000 /home/wolverine/.pyenv/python3/lib/python3.10/site-packages/tornado/websocket.py:1397(__init__)
       57    0.000    0.000    0.000    0.000 /home/wolverine/.pyenv/python3/lib/python3.10/site-packages/tornado/iostream.py:651(writing)
     1890    0.000    0.000    0.000    0.000 /home/wolverine/bin/running/pycaitlyn.py:6998(get_id)
        6    0.000    0.000    0.000    0.000 /home/wolverine/.pyenv/python3/lib/python3.10/site-packages/tornado/iostream.py:1270(_handle_connect)
     1260    0.000    0.000    0.000    0.000 /home/wolverine/bin/running/pycaitlyn.py:7010(get_name)
       80    0.000    0.000    0.000    0.000 /home/wolverine/.pyenv/python3/lib/python3.10/site-packages/tornado/ioloop.py:784(split_fd)
       16    0.000    0.000    0.000    0.000 /home/wolverine/.pyenv/python3/lib/python3.10/site-packages/tornado/platform/asyncio.py:228(remove_timeout)
       30    0.000    0.000    0.000    0.000 /usr/lib/python3.10/socket.py:99(_intenum_converter)
       11    0.000    0.000    0.000    0.000 /usr/lib/python3.10/json/encoder.py:204(iterencode)
       31    0.000    0.000    0.000    0.000 /usr/lib/python3.10/selectors.py:248(unregister)
        2    0.000    0.000    0.000    0.000 /usr/lib/python3.10/functools.py:774(_find_impl)
        2    0.000    0.000    0.000    0.000 /usr/lib/python3.10/tokenize.py:297(detect_encoding)
       66    0.000    0.000    0.000    0.000 /home/wolverine/bin/running/pycaitlyn.py:10350(decode)
       74    0.000    0.000    0.000    0.000 /home/wolverine/.pyenv/python3/lib/python3.10/site-packages/tornado/queues.py:317(__put_internal)
       12    0.000    0.000    0.000    0.000 /home/wolverine/.pyenv/python3/lib/python3.10/site-packages/tornado/iostream.py:225(__init__)
        6    0.000    0.000    0.000    0.000 /home/wolverine/.pyenv/python3/lib/python3.10/site-packages/tornado/iostream.py:1409(_finish_ssl_connect)
        2    0.000    0.000    0.000    0.000 /home/wolverine/bin/running/backtest_runner3.py:211(query_algo)
        1    0.000    0.000    0.000    0.000 /home/wolverine/bin/running/pycaitlyn.py:7184(set_seq)
        1    0.000    0.000    0.000    0.000 {built-in method _pycaitlyn.ATUniverseReq_set_seq}
        6    0.000    0.000    0.000    0.000 /usr/lib/python3.10/asyncio/futures.py:379(_set_state)
        2    0.000    0.000    0.000    0.000 /home/wolverine/.pyenv/python3/lib/python3.10/site-packages/tornado/websocket.py:1051(_write_frame)
       69    0.000    0.000    0.000    0.000 {built-in method _pycaitlyn.NetPackage_swiginit}
       32    0.000    0.000    0.000    0.000 /usr/lib/python3.10/selectors.py:235(register)
        1    0.000    0.000    0.000    0.000 /home/wolverine/bin/running/pycaitlyn.py:7190(set_token)
        1    0.000    0.000    0.000    0.000 {built-in method _pycaitlyn.ATUniverseReq_set_token}
        1    0.000    0.000    0.000    0.000 /home/wolverine/.pyenv/python3/lib/python3.10/site-packages/tornado/websocket.py:1507(headers_received)
       66    0.000    0.000    0.000    0.000 {built-in method _pycaitlyn.TAMarketStatusNotification_decode}
      160    0.000    0.000    0.000    0.000 /home/wolverine/.pyenv/python3/lib/python3.10/site-packages/tornado/httputil.py:339(__getitem__)
        1    0.000    0.000    0.000    0.000 /home/wolverine/bin/running/pycaitlyn.py:7243(revs)
        1    0.000    0.000    0.000    0.000 {built-in method _pycaitlyn.ATUniverseRes_revs}
       66    0.000    0.000    0.000    0.000 /home/wolverine/.pyenv/python3/lib/python3.10/site-packages/tornado/queues.py:180(full)
       57    0.000    0.000    0.000    0.000 /usr/lib/python3.10/enum.py:359(__call__)
       11    0.000    0.000    0.000    0.000 /home/wolverine/.pyenv/python3/lib/python3.10/site-packages/tornado/simple_httpclient.py:494(_remove_timeout)
        6    0.000    0.000    0.000    0.000 /home/wolverine/.pyenv/python3/lib/python3.10/site-packages/tornado/tcpclient.py:165(set_timeout)
      122    0.000    0.000    0.000    0.000 /home/wolverine/.pyenv/python3/lib/python3.10/site-packages/tornado/httputil.py:334(__setitem__)
        5    0.000    0.000    0.000    0.000 /home/wolverine/.pyenv/python3/lib/python3.10/site-packages/tornado/simple_httpclient.py:535(_run_callback)
        2    0.000    0.000    0.000    0.000 /usr/lib/python3.10/functools.py:732(_compose_mro)
        6    0.000    0.000    0.000    0.000 /home/wolverine/bin/running/backtest_runner3.py:870(pick_from_queue)
      147    0.000    0.000    0.000    0.000 {method 'search' of 're.Pattern' objects}
        7    0.000    0.000    0.000    0.000 /usr/lib/python3.10/json/decoder.py:343(raw_decode)
        4    0.000    0.000    0.000    0.000 /usr/lib/python3.10/tokenize.py:321(read_or_stop)
        6    0.000    0.000    0.000    0.000 /usr/lib/python3.10/asyncio/futures.py:343(_copy_future_state)
       69    0.000    0.000    0.000    0.000 {built-in method _pycaitlyn.new_NetPackage}
        6    0.000    0.000    0.000    0.000 /usr/lib/python3.10/asyncio/futures.py:407(wrap_future)
        6    0.000    0.000    0.000    0.000 /usr/lib/python3.10/re.py:249(compile)
        3    0.000    0.000    0.000    0.000 /usr/lib/python3.10/sre_parse.py:944(parse)
        4    0.000    0.000    0.000    0.000 {method 'readline' of '_io.BufferedReader' objects}
       24    0.000    0.000    0.000    0.000 /usr/lib/python3.10/collections/__init__.py:430(_replace)
        6    0.000    0.000    0.000    0.000 /usr/lib/python3.10/urllib/parse.py:473(urlsplit)
        5    0.000    0.000    0.000    0.000 /usr/lib/python3.10/socket.py:494(_real_close)
       66    0.000    0.000    0.000    0.000 /home/wolverine/bin/running/pycaitlyn.py:10320(__init__)
        1    0.000    0.000    0.000    0.000 <frozen importlib._bootstrap>:233(_call_with_frames_removed)
      285    0.000    0.000    0.000    0.000 {built-in method builtins.max}
        1    0.000    0.000    0.000    0.000 {built-in method builtins.exec}
        7    0.000    0.000    0.000    0.000 /usr/lib/python3.10/asyncio/selector_events.py:112(_read_from_self)
       59    0.000    0.000    0.000    0.000 /usr/lib/python3.10/asyncio/events.py:64(cancel)
       64    0.000    0.000    0.000    0.000 /usr/lib/python3.10/asyncio/base_events.py:1817(_add_callback)
        5    0.000    0.000    0.000    0.000 {function socket.close at 0xffff9012c700}
       16    0.000    0.000    0.000    0.000 /usr/lib/python3.10/asyncio/events.py:148(cancel)
        5    0.000    0.000    0.000    0.000 /home/wolverine/.pyenv/python3/lib/python3.10/site-packages/tornado/simple_httpclient.py:588(headers_received)
     2522    0.000    0.000    0.000    0.000 {built-in method _pycaitlyn.IndexMeta_get_namespace}
     1260    0.000    0.000    0.000    0.000 {built-in method _pycaitlyn.IndexMeta_get_name}
        3    0.000    0.000    0.000    0.000 /usr/lib/python3.10/sre_parse.py:436(_parse_sub)
       31    0.000    0.000    0.000    0.000 {method 'unregister' of 'select.epoll' objects}
      403    0.000    0.000    0.000    0.000 {built-in method builtins.min}
        6    0.000    0.000    0.000    0.000 /home/wolverine/.pyenv/python3/lib/python3.10/site-packages/tornado/http1connection.py:570(_finish_request)
       29    0.000    0.000    0.000    0.000 /home/wolverine/.pyenv/python3/lib/python3.10/site-packages/tornado/httputil.py:134(_normalize_header)
      191    0.000    0.000    0.000    0.000 {method 'fullmatch' of 're.Pattern' objects}
      897    0.000    0.000    0.000    0.000 /usr/lib/python3.10/asyncio/base_events.py:1927(get_debug)
        1    0.000    0.000    0.000    0.000 /home/wolverine/bin/running/pycaitlyn.py:6789(encode_string)
        3    0.000    0.000    0.000    0.000 /usr/lib/python3.10/sre_compile.py:622(_code)
        1    0.000    0.000    0.000    0.000 {built-in method _pycaitlyn.NetPackage_encode_string}
      174    0.000    0.000    0.000    0.000 /usr/lib/python3.10/selectors.py:21(_fileobj_to_fd)
        1    0.000    0.000    0.000    0.000 /home/wolverine/bin/running/pycaitlyn.py:7106(__init__)
        6    0.000    0.000    0.000    0.000 /usr/lib/python3.10/ssl.py:587(load_default_certs)
       19    0.000    0.000    0.000    0.000 /home/wolverine/.pyenv/python3/lib/python3.10/site-packages/tornado/http1connection.py:310(_clear_callbacks)
        7    0.000    0.000    0.000    0.000 /home/wolverine/.pyenv/python3/lib/python3.10/site-packages/tornado/platform/asyncio.py:231(add_callback)
      771    0.000    0.000    0.000    0.000 /home/wolverine/.pyenv/python3/lib/python3.10/site-packages/tornado/iostream.py:655(closed)
        6    0.000    0.000    0.000    0.000 /home/wolverine/.pyenv/python3/lib/python3.10/site-packages/tornado/http1connection.py:116(__init__)
        3    0.000    0.000    0.000    0.000 /usr/lib/python3.10/sre_parse.py:494(_parse)
        5    0.000    0.000    0.000    0.000 /home/wolverine/.pyenv/python3/lib/python3.10/site-packages/tornado/util.py:75(__init__)
       87    0.000    0.000    0.000    0.000 /usr/lib/python3.10/weakref.py:134(__getitem__)
     1369    0.000    0.000    0.000    0.000 {method 'split' of 'str' objects}
        6    0.000    0.000    0.000    0.000 {method 'set_default_verify_paths' of '_ssl._SSLContext' objects}
        6    0.000    0.000    0.000    0.000 /usr/lib/python3.10/ssl.py:499(_encode_hostname)
        6    0.000    0.000    0.000    0.000 /home/wolverine/.pyenv/python3/lib/python3.10/site-packages/tornado/httpclient.py:358(__init__)
      183    0.000    0.000    0.000    0.000 /home/wolverine/.pyenv/python3/lib/python3.10/site-packages/tornado/escape.py:245(to_unicode)
       68    0.000    0.000    0.000    0.000 /home/wolverine/bin/running/pycaitlyn.py:6780(get_content)
       15    0.000    0.000    0.000    0.000 /home/wolverine/.pyenv/python3/lib/python3.10/site-packages/tornado/simple_httpclient.py:611(_should_follow_redirect)
       14    0.000    0.000    0.000    0.000 {method 'recv' of '_socket.socket' objects}
     1890    0.000    0.000    0.000    0.000 {built-in method _pycaitlyn.IndexMeta_get_id}
      307    0.000    0.000    0.000    0.000 {method 'tobytes' of 'memoryview' objects}
       20    0.000    0.000    0.000    0.000 /usr/lib/python3.10/_collections_abc.py:821(get)
       19    0.000    0.000    0.000    0.000 /usr/lib/python3.10/asyncio/events.py:103(__init__)
      4/2    0.000    0.000    0.000    0.000 /usr/lib/python3.10/functools.py:687(_c3_mro)
       25    0.000    0.000    0.000    0.000 {method 'settimeout' of '_socket.socket' objects}
       30    0.000    0.000    0.000    0.000 /home/wolverine/.pyenv/python3/lib/python3.10/site-packages/tornado/iostream.py:545(set_close_callback)
    68/62    0.000    0.000    0.000    0.000 {method 'encode' of 'str' objects}
       44    0.000    0.000    0.000    0.000 /home/wolverine/.pyenv/python3/lib/python3.10/site-packages/tornado/httputil.py:230(get_all)
        7    0.000    0.000    0.000    0.000 /usr/lib/python3.10/json/__init__.py:244(detect_encoding)
        6    0.000    0.000    0.000    0.000 /home/wolverine/.pyenv/python3/lib/python3.10/site-packages/tornado/tcpclient.py:191(clear_timeouts)
        6    0.000    0.000    0.000    0.000 /home/wolverine/.pyenv/python3/lib/python3.10/site-packages/tornado/httputil.py:1059(parse_response_start_line)
        6    0.000    0.000    0.000    0.000 /usr/lib/python3.10/asyncio/futures.py:363(_chain_future)
      160    0.000    0.000    0.000    0.000 {built-in method _struct.unpack}
        1    0.000    0.000    0.000    0.000 /home/wolverine/bin/running/pycaitlyn.py:7237(decode)
        2    0.000    0.000    0.000    0.000 /usr/lib/python3.10/traceback.py:587(format_exception_only)
        1    0.000    0.000    0.000    0.000 {built-in method _pycaitlyn.ATUniverseRes_decode}
        5    0.000    0.000    0.000    0.000 {built-in method zlib.decompressobj}
       32    0.000    0.000    0.000    0.000 {method 'register' of 'select.epoll' objects}
      149    0.000    0.000    0.000    0.000 /home/wolverine/.pyenv/python3/lib/python3.10/site-packages/tornado/queues.py:322(_consume_expired)
        2    0.000    0.000    0.000    0.000 /home/wolverine/bin/running/backtest_runner3.py:1115(join)
        6    0.000    0.000    0.000    0.000 /usr/lib/python3.10/re.py:187(match)
      469    0.000    0.000    0.000    0.000 {method 'append' of 'collections.deque' objects}
        1    0.000    0.000    0.000    0.000 /usr/lib/python3.10/encodings/utf_8_sig.py:1(<module>)
       78    0.000    0.000    0.000    0.000 /home/wolverine/.pyenv/python3/lib/python3.10/site-packages/tornado/iostream.py:996(_check_closed)
       64    0.000    0.000    0.000    0.000 /usr/lib/python3.10/selectors.py:276(_key_from_fd)
      630    0.000    0.000    0.000    0.000 /home/wolverine/bin/running/pycaitlyn.py:7040(get_revision)
       68    0.000    0.000    0.000    0.000 {built-in method _pycaitlyn.NetPackage_get_content}
        6    0.000    0.000    0.000    0.000 /home/wolverine/.pyenv/python3/lib/python3.10/site-packages/tornado/tcpclient.py:59(__init__)
       12    0.000    0.000    0.000    0.000 /usr/lib/python3.10/socket.py:220(__init__)
        4    0.000    0.000    0.000    0.000 {built-in method builtins.__build_class__}
        5    0.000    0.000    0.000    0.000 /home/wolverine/.pyenv/python3/lib/python3.10/site-packages/tornado/simple_httpclient.py:690(data_received)
        1    0.000    0.000    0.000    0.000 /home/wolverine/.pyenv/python3/lib/python3.10/site-packages/tornado/websocket.py:983(_process_server_headers)
       40    0.000    0.000    0.000    0.000 /home/wolverine/.pyenv/python3/lib/python3.10/site-packages/tornado/ioloop.py:245(current)
        1    0.000    0.000    0.000    0.000 /home/wolverine/bin/running/pycaitlyn.py:6771(set_cmd)
       42    0.000    0.000    0.000    0.000 {method 'extend' of 'bytearray' objects}
      4/2    0.000    0.000    0.000    0.000 /usr/lib/python3.10/functools.py:725(<listcomp>)
      324    0.000    0.000    0.000    0.000 /usr/lib/python3.10/asyncio/base_events.py:513(_check_closed)
       32    0.000    0.000    0.000    0.000 {method 'match' of 're.Pattern' objects}
       12    0.000    0.000    0.000    0.000 {method 'getpeername' of '_socket.socket' objects}
        6    0.000    0.000    0.000    0.000 /usr/lib/python3.10/urllib/parse.py:160(username)
       70    0.000    0.000    0.000    0.000 {method 'format' of 'str' objects}
       24    0.000    0.000    0.000    0.000 /usr/lib/python3.10/collections/__init__.py:420(_make)
       38    0.000    0.000    0.000    0.000 {method 'pop' of 'dict' objects}
      7/3    0.000    0.000    0.000    0.000 /usr/lib/python3.10/sre_compile.py:87(_compile)
        4    0.000    0.000    0.000    0.000 /home/wolverine/bin/running/backtest_runner3.py:895(queue)
       70    0.000    0.000    0.000    0.000 {built-in method _contextvars.copy_context}
        5    0.000    0.000    0.000    0.000 {built-in method builtins.print}
        1    0.000    0.000    0.000    0.000 /home/wolverine/bin/running/pycaitlyn.py:7240(set_compressor)
       24    0.000    0.000    0.000    0.000 {method 'modify' of 'select.epoll' objects}
       23    0.000    0.000    0.000    0.000 {method 'startswith' of 'bytes' objects}
        1    0.000    0.000    0.000    0.000 {built-in method _pycaitlyn.IndexSchema_swiginit}
        5    0.000    0.000    0.000    0.000 /home/wolverine/.pyenv/python3/lib/python3.10/site-packages/tornado/httpclient.py:299(handle_response)
      136    0.000    0.000    0.000    0.000 /home/wolverine/bin/running/pycaitlyn.py:6768(get_cmd)
        5    0.000    0.000    0.000    0.000 /home/wolverine/.pyenv/python3/lib/python3.10/site-packages/tornado/http1connection.py:593(_read_body)
       29    0.000    0.000    0.000    0.000 /home/wolverine/.pyenv/python3/lib/python3.10/site-packages/tornado/httputil.py:141(<listcomp>)
       82    0.000    0.000    0.000    0.000 /usr/lib/python3.10/weakref.py:415(__getitem__)
        1    0.000    0.000    0.000    0.000 {built-in method _pycaitlyn.new_IndexSchema}
        1    0.000    0.000    0.000    0.000 <frozen importlib._bootstrap_external>:670(_compile_bytecode)
        1    0.000    0.000    0.000    0.000 {built-in method _pycaitlyn.ATUniverseRes_set_compressor}
        3    0.000    0.000    0.000    0.000 /usr/lib/python3.10/asyncio/tasks.py:331(create_task)
      108    0.000    0.000    0.000    0.000 /home/wolverine/.pyenv/python3/lib/python3.10/site-packages/tornado/iostream.py:132(__len__)
       19    0.000    0.000    0.000    0.000 {built-in method _heapq.heappush}
        5    0.000    0.000    0.000    0.000 /home/wolverine/.pyenv/python3/lib/python3.10/site-packages/tornado/iostream.py:608(_signal_closed)
      417    0.000    0.000    0.000    0.000 {method 'cancelled' of '_asyncio.Future' objects}
       11    0.000    0.000    0.000    0.000 /home/wolverine/.pyenv/python3/lib/python3.10/site-packages/tornado/http1connection.py:537(_on_write_complete)
      286    0.000    0.000    0.000    0.000 {built-in method time.monotonic}
        6    0.000    0.000    0.000    0.000 /usr/lib/python3.10/concurrent/futures/_base.py:330(__init__)
       66    0.000    0.000    0.000    0.000 {built-in method _pycaitlyn.new_TAMarketStatusNotification}
        1    0.000    0.000    0.000    0.000 /home/wolverine/.cursor-server/extensions/ms-python.debugpy-2025.14.1-linux-arm64/bundled/libs/debugpy/_vendored/pydevd/_pydev_bundle/pydev_monkey.py:1203(pydev_start_new_thread)
       66    0.000    0.000    0.000    0.000 {built-in method _pycaitlyn.TAMarketStatusNotification_swiginit}
        1    0.000    0.000    0.000    0.000 {built-in method marshal.loads}
        6    0.000    0.000    0.000    0.000 {method 'put' of '_queue.SimpleQueue' objects}
        5    0.000    0.000    0.000    0.000 /home/wolverine/.pyenv/python3/lib/python3.10/site-packages/tornado/http1connection.py:848(parse_int)
      128    0.000    0.000    0.000    0.000 {method 'find' of 'str' objects}
        1    0.000    0.000    0.000    0.000 {built-in method _thread.start_new_thread}
        3    0.000    0.000    0.000    0.000 /usr/lib/python3.10/sre_compile.py:560(_compile_info)
        1    0.000    0.000    0.000    0.000 /usr/lib/python3.10/concurrent/futures/thread.py:123(__init__)
       48    0.000    0.000    0.000    0.000 /usr/lib/python3.10/asyncio/base_futures.py:14(isfuture)
        6    0.000    0.000    0.000    0.000 /home/wolverine/.pyenv/python3/lib/python3.10/site-packages/tornado/http1connection.py:79(__init__)
       57    0.000    0.000    0.000    0.000 /usr/lib/python3.10/enum.py:678(__new__)
        5    0.000    0.000    0.000    0.000 /home/wolverine/.pyenv/python3/lib/python3.10/site-packages/tornado/simple_httpclient.py:529(_release)
        1    0.000    0.000    0.000    0.000 /usr/lib/python3.10/genericpath.py:16(exists)
       13    0.000    0.000    0.000    0.000 /home/wolverine/.pyenv/python3/lib/python3.10/site-packages/tornado/iostream.py:139(append)
        2    0.000    0.000    0.000    0.000 /usr/lib/python3.10/asyncio/queues.py:33(__init__)
       10    0.000    0.000    0.000    0.000 {built-in method _heapq.heappop}
        1    0.000    0.000    0.000    0.000 <frozen importlib._bootstrap>:169(__enter__)
       15    0.000    0.000    0.000    0.000 /home/wolverine/.pyenv/python3/lib/python3.10/site-packages/tornado/escape.py:214(utf8)
        1    0.000    0.000    0.000    0.000 <frozen importlib._bootstrap>:564(module_from_spec)
        6    0.000    0.000    0.000    0.000 /usr/lib/python3.10/threading.py:428(acquire)
      120    0.000    0.000    0.000    0.000 /home/wolverine/.pyenv/python3/lib/python3.10/site-packages/tornado/queues.py:173(qsize)
        5    0.000    0.000    0.000    0.000 /usr/lib/python3.10/asyncio/tasks.py:593(sleep)
        5    0.000    0.000    0.000    0.000 /home/wolverine/.pyenv/python3/lib/python3.10/site-packages/tornado/httpclient.py:671(body)
      472    0.000    0.000    0.000    0.000 {method 'popleft' of 'collections.deque' objects}
        6    0.000    0.000    0.000    0.000 /home/wolverine/.pyenv/python3/lib/python3.10/site-packages/tornado/httpclient.py:569(body)
        2    0.000    0.000    0.000    0.000 /usr/lib/python3.10/asyncio/queues.py:138(put_nowait)
       13    0.000    0.000    0.000    0.000 /home/wolverine/.pyenv/python3/lib/python3.10/site-packages/tornado/iostream.py:178(advance)
       61    0.000    0.000    0.000    0.000 {method 'capitalize' of 'str' objects}
        4    0.000    0.000    0.000    0.000 /usr/lib/python3.10/asyncio/queues.py:150(get)
        1    0.000    0.000    0.000    0.000 {built-in method io.open_code}
       83    0.000    0.000    0.000    0.000 /home/wolverine/.pyenv/python3/lib/python3.10/site-packages/tornado/concurrent.py:52(is_future)
        1    0.000    0.000    0.000    0.000 <frozen importlib._bootstrap>:492(_init_module_attrs)
        6    0.000    0.000    0.000    0.000 /usr/lib/python3.10/encodings/idna.py:145(encode)
       13    0.000    0.000    0.000    0.000 /home/wolverine/.pyenv/python3/lib/python3.10/site-packages/tornado/iostream.py:161(peek)
        6    0.000    0.000    0.000    0.000 /usr/lib/python3.10/socket.py:520(type)
       10    0.000    0.000    0.000    0.000 {method 'find' of 'bytearray' objects}
       18    0.000    0.000    0.000    0.000 {method 'setsockopt' of '_socket.socket' objects}
       74    0.000    0.000    0.000    0.000 /home/wolverine/.pyenv/python3/lib/python3.10/site-packages/tornado/queues.py:312(_put)
       11    0.000    0.000    0.000    0.000 /usr/lib/python3.10/codecs.py:319(decode)
        6    0.000    0.000    0.000    0.000 /usr/lib/python3.10/ssl.py:728(verify_mode)
       72    0.000    0.000    0.000    0.000 {built-in method builtins.hasattr}
        5    0.000    0.000    0.000    0.000 /home/wolverine/.pyenv/python3/lib/python3.10/site-packages/tornado/simple_httpclient.py:219(_release_fetch)
        6    0.000    0.000    0.000    0.000 /home/wolverine/.pyenv/python3/lib/python3.10/site-packages/tornado/httputil.py:1179(split_host_and_port)
        1    0.000    0.000    0.000    0.000 /home/wolverine/.pyenv/python3/lib/python3.10/site-packages/tornado/websocket.py:1339(start_pinging)
      212    0.000    0.000    0.000    0.000 {method 'get' of 'dict' objects}
       35    0.000    0.000    0.000    0.000 /home/wolverine/.pyenv/python3/lib/python3.10/site-packages/tornado/ioloop.py:549(time)
        8    0.000    0.000    0.000    0.000 /usr/lib/python3.10/threading.py:236(__init__)
       40    0.000    0.000    0.000    0.000 {built-in method _asyncio.get_event_loop}
       12    0.000    0.000    0.000    0.000 {method 'getsockopt' of '_socket.socket' objects}
        6    0.000    0.000    0.000    0.000 /usr/lib/python3.10/concurrent/futures/_base.py:410(add_done_callback)
        1    0.000    0.000    0.000    0.000 /home/wolverine/.pyenv/python3/lib/python3.10/site-packages/tornado/websocket.py:909(compute_accept_value)
       74    0.000    0.000    0.000    0.000 /home/wolverine/.pyenv/python3/lib/python3.10/site-packages/tornado/websocket.py:668(<lambda>)
        5    0.000    0.000    0.000    0.000 /home/wolverine/.pyenv/python3/lib/python3.10/site-packages/tornado/http1connection.py:862(is_transfer_encoding_chunked)
        2    0.000    0.000    0.000    0.000 <frozen importlib._bootstrap_external>:380(cache_from_source)
        1    0.000    0.000    0.000    0.000 {built-in method posix.cpu_count}
      207    0.000    0.000    0.000    0.000 /usr/lib/python3.10/ssl.py:1138(_checkClosed)
        4    0.000    0.000    0.000    0.000 /usr/lib/python3.10/sre_compile.py:447(_simple)
        6    0.000    0.000    0.000    0.000 /home/wolverine/.pyenv/python3/lib/python3.10/site-packages/tornado/http1connection.py:173(read_response)
       32    0.000    0.000    0.000    0.000 <string>:1(<lambda>)
        1    0.000    0.000    0.000    0.000 /home/wolverine/.pyenv/python3/lib/python3.10/site-packages/tornado/websocket.py:1354(periodic_ping)
      630    0.000    0.000    0.000    0.000 {built-in method _pycaitlyn.IndexMeta_get_revision}
        5    0.000    0.000    0.000    0.000 /home/wolverine/.pyenv/python3/lib/python3.10/site-packages/tornado/httpclient.py:629(__init__)
        2    0.000    0.000    0.000    0.000 <frozen importlib._bootstrap>:391(cached)
        1    0.000    0.000    0.000    0.000 /usr/lib/python3.10/asyncio/tasks.py:684(gather)
        7    0.000    0.000    0.000    0.000 /home/wolverine/.pyenv/python3/lib/python3.10/site-packages/tornado/gen.py:868(<lambda>)
        6    0.000    0.000    0.000    0.000 /usr/lib/python3.10/os.py:675(__getitem__)
        3    0.000    0.000    0.000    0.000 {built-in method posix.urandom}
        5    0.000    0.000    0.000    0.000 /usr/lib/python3.10/enum.py:980(__or__)
       65    0.000    0.000    0.000    0.000 {built-in method math.ceil}
       12    0.000    0.000    0.000    0.000 /home/wolverine/.pyenv/python3/lib/python3.10/site-packages/tornado/iostream.py:123(__init__)
        1    0.000    0.000    0.000    0.000 <frozen importlib._bootstrap_external>:510(_get_cached)
       31    0.000    0.000    0.000    0.000 /usr/lib/python3.10/asyncio/events.py:120(__lt__)
        2    0.000    0.000    0.000    0.000 /usr/lib/python3.10/functools.py:745(<listcomp>)
        1    0.000    0.000    0.000    0.000 <frozen importlib._bootstrap>:179(_get_module_lock)
        1    0.000    0.000    0.000    0.000 /usr/lib/python3.10/encodings/__init__.py:43(normalize_encoding)
       74    0.000    0.000    0.000    0.000 /home/wolverine/.pyenv/python3/lib/python3.10/site-packages/tornado/queues.py:309(_get)
       15    0.000    0.000    0.000    0.000 /usr/lib/python3.10/sre_parse.py:161(__len__)
        1    0.000    0.000    0.000    0.000 /usr/lib/python3.10/encodings/utf_8_sig.py:121(getregentry)
        3    0.000    0.000    0.000    0.000 /usr/lib/python3.10/weakref.py:428(__setitem__)
        3    0.000    0.000    0.000    0.000 /usr/lib/python3.10/enum.py:986(__and__)
        5    0.000    0.000    0.000    0.000 /usr/lib/python3.10/ssl.py:614(options)
        1    0.000    0.000    0.000    0.000 /home/wolverine/.pyenv/python3/lib/python3.10/site-packages/tornado/queues.py:153(__init__)
      136    0.000    0.000    0.000    0.000 {built-in method _pycaitlyn.NetPackage_get_cmd}
       10    0.000    0.000    0.000    0.000 /home/wolverine/.pyenv/python3/lib/python3.10/site-packages/tornado/http1connection.py:855(parse_hex_int)
        2    0.000    0.000    0.000    0.000 /home/wolverine/.pyenv/python3/lib/python3.10/site-packages/tornado/tcpclient.py:170(on_timeout)
       86    0.000    0.000    0.000    0.000 {method 'fileno' of '_socket.socket' objects}
        4    0.000    0.000    0.000    0.000 /usr/lib/python3.10/functools.py:660(_c3_merge)
        1    0.000    0.000    0.000    0.000 {built-in method _pycaitlyn.NetPackage_set_cmd}
        1    0.000    0.000    0.000    0.000 /home/wolverine/.pyenv/python3/lib/python3.10/site-packages/tornado/tcpclient.py:209(__init__)
       87    0.000    0.000    0.000    0.000 /usr/lib/python3.10/selectors.py:273(get_map)
       12    0.000    0.000    0.000    0.000 /usr/lib/python3.10/ssl.py:736(verify_mode)
        1    0.000    0.000    0.000    0.000 <frozen importlib._bootstrap_external>:1531(_get_spec)
      101    0.000    0.000    0.000    0.000 {method 'strip' of 'str' objects}
       14    0.000    0.000    0.000    0.000 /usr/lib/python3.10/_weakrefset.py:86(add)
       37    0.000    0.000    0.000    0.000 /usr/lib/python3.10/threading.py:264(__enter__)
        6    0.000    0.000    0.000    0.000 /usr/lib/python3.10/concurrent/futures/_base.py:430(result)
        5    0.000    0.000    0.000    0.000 /home/wolverine/.pyenv/python3/lib/python3.10/site-packages/tornado/util.py:99(flush)
        4    0.000    0.000    0.000    0.000 /usr/lib/python3.10/asyncio/queues.py:59(_wakeup_next)
        3    0.000    0.000    0.000    0.000 /usr/lib/python3.10/linecache.py:147(lazycache)
        1    0.000    0.000    0.000    0.000 /home/wolverine/.pyenv/python3/lib/python3.10/site-packages/tornado/websocket.py:1610(get_websocket_protocol)
       43    0.000    0.000    0.000    0.000 {method 'remove' of 'set' objects}
      132    0.000    0.000    0.000    0.000 /home/wolverine/.pyenv/python3/lib/python3.10/site-packages/tornado/queues.py:168(maxsize)
        3    0.000    0.000    0.000    0.000 {method '__exit__' of '_io._IOBase' objects}
      7/3    0.000    0.000    0.000    0.000 /usr/lib/python3.10/sre_parse.py:175(getwidth)
        8    0.000    0.000    0.000    0.000 /usr/lib/python3.10/_weakrefset.py:39(_remove)
        1    0.000    0.000    0.000    0.000 /usr/lib/python3.10/traceback.py:405(format)
       78    0.000    0.000    0.000    0.000 {method 'add' of 'set' objects}
        6    0.000    0.000    0.000    0.000 /usr/lib/python3.10/urllib/parse.py:197(_userinfo)
        6    0.000    0.000    0.000    0.000 /usr/lib/python3.10/urllib/parse.py:419(_splitnetloc)
        6    0.000    0.000    0.000    0.000 /usr/lib/python3.10/socket.py:504(detach)
        1    0.000    0.000    0.000    0.000 /usr/lib/python3.10/asyncio/base_events.py:796(call_soon_threadsafe)
       12    0.000    0.000    0.000    0.000 /home/wolverine/.pyenv/python3/lib/python3.10/site-packages/tornado/httpclient.py:558(headers)
       16    0.000    0.000    0.000    0.000 /usr/lib/python3.10/sre_parse.py:255(get)
       74    0.000    0.000    0.000    0.000 /home/wolverine/.pyenv/python3/lib/python3.10/site-packages/tornado/locks.py:224(clear)
        9    0.000    0.000    0.000    0.000 /usr/lib/python3.10/asyncio/base_events.py:427(create_future)
        6    0.000    0.000    0.000    0.000 /usr/lib/python3.10/concurrent/futures/_base.py:395(done)
       44    0.000    0.000    0.000    0.000 /home/wolverine/.pyenv/python3/lib/python3.10/site-packages/tornado/iostream.py:647(reading)
       74    0.000    0.000    0.000    0.000 /home/wolverine/.pyenv/python3/lib/python3.10/site-packages/tornado/iostream.py:1100(fileno)
       11    0.000    0.000    0.000    0.000 {method 'join' of 'bytes' objects}
        1    0.000    0.000    0.000    0.000 /home/wolverine/.pyenv/python3/lib/python3.10/site-packages/tornado/util.py:242(__new__)
       92    0.000    0.000    0.000    0.000 {method 'start' of 're.Match' objects}
       64    0.000    0.000    0.000    0.000 /home/wolverine/.pyenv/python3/lib/python3.10/site-packages/tornado/httpclient.py:551(headers)
        6    0.000    0.000    0.000    0.000 <frozen importlib._bootstrap_external>:126(_path_join)
       12    0.000    0.000    0.000    0.000 {method 'lstrip' of 'str' objects}
        5    0.000    0.000    0.000    0.000 {method 'flush' of 'zlib.Decompress' objects}
       40    0.000    0.000    0.000    0.000 /usr/lib/python3.10/sre_parse.py:165(__getitem__)
        4    0.000    0.000    0.000    0.000 /usr/lib/python3.10/asyncio/tasks.py:581(__sleep0)
        1    0.000    0.000    0.000    0.000 /usr/lib/python3.10/threading.py:827(__init__)
      102    0.000    0.000    0.000    0.000 {method 'done' of '_asyncio.Future' objects}
        2    0.000    0.000    0.000    0.000 <frozen importlib._bootstrap_external>:132(_path_split)
       37    0.000    0.000    0.000    0.000 /usr/lib/python3.10/threading.py:267(__exit__)
        1    0.000    0.000    0.000    0.000 {built-in method _hashlib.openssl_sha1}
       12    0.000    0.000    0.000    0.000 {method 'setblocking' of '_socket.socket' objects}
       10    0.000    0.000    0.000    0.000 /usr/lib/python3.10/asyncio/coroutines.py:177(iscoroutine)
       28    0.000    0.000    0.000    0.000 /home/wolverine/.pyenv/python3/lib/python3.10/site-packages/tornado/httpclient.py:565(body)
       52    0.000    0.000    0.000    0.000 {method 'join' of 'str' objects}
        1    0.000    0.000    0.000    0.000 /home/wolverine/.pyenv/python3/lib/python3.10/site-packages/tornado/websocket.py:835(__init__)
       43    0.000    0.000    0.000    0.000 /usr/lib/python3.10/asyncio/base_events.py:682(is_closed)
        6    0.000    0.000    0.000    0.000 /home/wolverine/.pyenv/python3/lib/python3.10/site-packages/tornado/netutil.py:590(ssl_options_to_context)
        6    0.000    0.000    0.000    0.000 /usr/lib/python3.10/concurrent/futures/_base.py:465(exception)
        8    0.000    0.000    0.000    0.000 /usr/lib/python3.10/encodings/utf_8_sig.py:54(_buffer_decode)
        1    0.000    0.000    0.000    0.000 /usr/lib/python3.10/asyncio/tasks.py:720(_done_callback)
        6    0.000    0.000    0.000    0.000 /usr/lib/python3.10/concurrent/futures/_base.py:385(cancelled)
        1    0.000    0.000    0.000    0.000 /home/wolverine/.pyenv/python3/lib/python3.10/site-packages/tornado/ioloop.py:519(<lambda>)
       12    0.000    0.000    0.000    0.000 {method 'startswith' of 'str' objects}
       88    0.000    0.000    0.000    0.000 /usr/lib/python3.10/typing.py:1737(cast)
        1    0.000    0.000    0.000    0.000 /home/wolverine/bin/running/pycaitlyn.py:7132(__init__)
       16    0.000    0.000    0.000    0.000 /usr/lib/python3.10/asyncio/base_events.py:1827(_timer_handle_cancelled)
       10    0.000    0.000    0.000    0.000 {built-in method _asyncio._get_event_loop}
       17    0.000    0.000    0.000    0.000 {built-in method _asyncio.get_running_loop}
       47    0.000    0.000    0.000    0.000 {built-in method time.time}
        8    0.000    0.000    0.000    0.000 /usr/lib/python3.10/inspect.py:348(isawaitable)
        1    0.000    0.000    0.000    0.000 <frozen importlib._bootstrap_external>:721(spec_from_file_location)
        6    0.000    0.000    0.000    0.000 /usr/lib/python3.10/urllib/parse.py:123(_coerce_args)
        4    0.000    0.000    0.000    0.000 /usr/lib/python3.10/tokenize.py:327(find_cookie)
        4    0.000    0.000    0.000    0.000 {built-in method _struct.pack}
       16    0.000    0.000    0.000    0.000 /home/wolverine/.pyenv/python3/lib/python3.10/site-packages/tornado/http1connection.py:55(__init__)
       19    0.000    0.000    0.000    0.000 /usr/lib/python3.10/sre_parse.py:234(__next)
       20    0.000    0.000    0.000    0.000 {method 'end' of 're.Match' objects}
        3    0.000    0.000    0.000    0.000 /usr/lib/python3.10/sre_parse.py:225(__init__)
        2    0.000    0.000    0.000    0.000 {built-in method tornado.speedups.websocket_mask}
        2    0.000    0.000    0.000    0.000 /usr/lib/python3.10/codecs.py:309(__init__)
       11    0.000    0.000    0.000    0.000 {built-in method _codecs.utf_8_decode}
        2    0.000    0.000    0.000    0.000 {built-in method _asyncio._set_running_loop}
        1    0.000    0.000    0.000    0.000 /home/wolverine/bin/running/pycaitlyn.py:7178(__init__)
       25    0.000    0.000    0.000    0.000 {method 'lower' of 'str' objects}
        1    0.000    0.000    0.000    0.000 <frozen importlib._bootstrap>:826(find_spec)
       19    0.000    0.000    0.000    0.000 /usr/lib/python3.10/ssl.py:1142(_check_connected)
       16    0.000    0.000    0.000    0.000 /home/wolverine/.pyenv/python3/lib/python3.10/site-packages/tornado/iostream.py:940(_check_max_bytes)
       51    0.000    0.000    0.000    0.000 /home/wolverine/.pyenv/python3/lib/python3.10/site-packages/tornado/queues.py:59(_set_timeout)
        7    0.000    0.000    0.000    0.000 /home/wolverine/.pyenv/python3/lib/python3.10/site-packages/tornado/ioloop.py:829(_unregister_task)
        9    0.000    0.000    0.000    0.000 {method 'isalnum' of 'str' objects}
        1    0.000    0.000    0.000    0.000 <frozen importlib._bootstrap_external>:585(_classify_pyc)
       25    0.000    0.000    0.000    0.000 {method 'gettimeout' of '_socket.socket' objects}
       20    0.000    0.000    0.000    0.000 {method 'rstrip' of 'str' objects}
        1    0.000    0.000    0.000    0.000 /usr/lib/python3.10/asyncio/selector_events.py:124(_write_to_self)
        1    0.000    0.000    0.000    0.000 {built-in method _pycaitlyn.new_IndexSerializer}
        6    0.000    0.000    0.000    0.000 /home/wolverine/.pyenv/python3/lib/python3.10/site-packages/tornado/simple_httpclient.py:285(<lambda>)
       80    0.000    0.000    0.000    0.000 {method 'result' of '_asyncio.Future' objects}
        2    0.000    0.000    0.000    0.000 /usr/lib/python3.10/asyncio/queues.py:176(get_nowait)
        1    0.000    0.000    0.000    0.000 /home/wolverine/.pyenv/python3/lib/python3.10/site-packages/tornado/websocket.py:975(_parse_extensions_header)
        1    0.000    0.000    0.000    0.000 /home/wolverine/bin/running/pycaitlyn.py:7207(__init__)
       13    0.000    0.000    0.000    0.000 /home/wolverine/.pyenv/python3/lib/python3.10/site-packages/tornado/iostream.py:536(<lambda>)
        1    0.000    0.000    0.000    0.000 /home/wolverine/.pyenv/python3/lib/python3.10/site-packages/tornado/http1connection.py:355(detach)
        5    0.000    0.000    0.000    0.000 /home/wolverine/.pyenv/python3/lib/python3.10/site-packages/tornado/http1connection.py:471(_format_chunk)
        1    0.000    0.000    0.000    0.000 <frozen importlib._bootstrap>:100(acquire)
        2    0.000    0.000    0.000    0.000 /usr/lib/python3.10/asyncio/mixins.py:22(_get_loop)
        8    0.000    0.000    0.000    0.000 /usr/lib/python3.10/asyncio/futures.py:297(_get_loop)
        1    0.000    0.000    0.000    0.000 /usr/lib/python3.10/threading.py:422(__init__)
        4    0.000    0.000    0.000    0.000 /usr/lib/python3.10/traceback.py:322(walk_tb)
        1    0.000    0.000    0.000    0.000 {method 'send' of '_socket.socket' objects}
        6    0.000    0.000    0.000    0.000 /usr/lib/python3.10/os.py:755(encode)
        6    0.000    0.000    0.000    0.000 /home/wolverine/.pyenv/python3/lib/python3.10/site-packages/tornado/tcpclient.py:79(split)
        1    0.000    0.000    0.000    0.000 {built-in method _imp.is_frozen}
        1    0.000    0.000    0.000    0.000 <frozen importlib._bootstrap_external>:1089(path_stats)
        6    0.000    0.000    0.000    0.000 <frozen importlib._bootstrap_external>:128(<listcomp>)
       37    0.000    0.000    0.000    0.000 {method 'replace' of 'str' objects}
        1    0.000    0.000    0.000    0.000 /home/wolverine/bin/running/pycaitlyn.py:6783(set_content)
       29    0.000    0.000    0.000    0.000 /home/wolverine/.pyenv/python3/lib/python3.10/site-packages/tornado/queues.py:177(empty)
        1    0.000    0.000    0.000    0.000 {method 'set_exception' of '_asyncio.Future' objects}
        6    0.000    0.000    0.000    0.000 /home/wolverine/.pyenv/python3/lib/python3.10/site-packages/tornado/tcpclient.py:197(close_streams)
        6    0.000    0.000    0.000    0.000 /home/wolverine/.pyenv/python3/lib/python3.10/site-packages/tornado/http1connection.py:708(__init__)
        2    0.000    0.000    0.000    0.000 /usr/lib/python3.10/asyncio/locks.py:167(__init__)
        3    0.000    0.000    0.000    0.000 <frozen importlib._bootstrap_external>:84(_unpack_uint32)
        2    0.000    0.000    0.000    0.000 /usr/lib/python3.10/base64.py:51(b64encode)
        1    0.000    0.000    0.000    0.000 /home/wolverine/.pyenv/python3/lib/python3.10/site-packages/tornado/platform/asyncio.py:213(stop)
       30    0.000    0.000    0.000    0.000 {method 'group' of 're.Match' objects}
        6    0.000    0.000    0.000    0.000 /usr/lib/python3.10/threading.py:90(RLock)
        1    0.000    0.000    0.000    0.000 {built-in method sys.exc_info}
       30    0.000    0.000    0.000    0.000 {method '__enter__' of '_thread.RLock' objects}
       23    0.000    0.000    0.000    0.000 {method 'items' of 'dict' objects}
       12    0.000    0.000    0.000    0.000 {method 'rpartition' of 'str' objects}
        2    0.000    0.000    0.000    0.000 /usr/lib/python3.10/traceback.py:169(_some_str)
        1    0.000    0.000    0.000    0.000 {built-in method _pycaitlyn.NetPackage_set_content}
        1    0.000    0.000    0.000    0.000 <frozen importlib._bootstrap>:173(__exit__)
        3    0.000    0.000    0.000    0.000 /usr/lib/python3.10/sre_compile.py:485(_get_literal_prefix)
       21    0.000    0.000    0.000    0.000 {method 'discard' of 'set' objects}
        6    0.000    0.000    0.000    0.000 {function socket.detach at 0xffff9012c790}
        2    0.000    0.000    0.000    0.000 {method 'seek' of '_io.BufferedReader' objects}
        1    0.000    0.000    0.000    0.000 /home/wolverine/bin/running/pycaitlyn.py:7193(encode)
        6    0.000    0.000    0.000    0.000 {method 'split' of 'bytes' objects}
        4    0.000    0.000    0.000    0.000 /usr/lib/python3.10/sre_parse.py:356(_escape)
        6    0.000    0.000    0.000    0.000 /usr/lib/python3.10/urllib/parse.py:427(_checknetloc)
        2    0.000    0.000    0.000    0.000 {method 'keys' of 'dict' objects}
        2    0.000    0.000    0.000    0.000 {built-in method sys.set_asyncgen_hooks}
        1    0.000    0.000    0.000    0.000 /usr/lib/python3.10/traceback.py:574(_load_lines)
        1    0.000    0.000    0.000    0.000 {method 'pop' of 'list' objects}
        1    0.000    0.000    0.000    0.000 /home/wolverine/bin/running/backtest_runner3.py:172(python3_language_id)
        8    0.000    0.000    0.000    0.000 /home/wolverine/.pyenv/python3/lib/python3.10/site-packages/tornado/ioloop.py:826(_register_task)
        1    0.000    0.000    0.000    0.000 /home/wolverine/.pyenv/python3/lib/python3.10/site-packages/tornado/util.py:309(configured_class)
        5    0.000    0.000    0.000    0.000 /home/wolverine/.pyenv/python3/lib/python3.10/site-packages/tornado/httputil.py:342(__delitem__)
        1    0.000    0.000    0.000    0.000 <frozen importlib._bootstrap>:71(__init__)
        1    0.000    0.000    0.000    0.000 <frozen importlib._bootstrap_external>:1356(_path_importer_cache)
       16    0.000    0.000    0.000    0.000 /home/wolverine/.pyenv/python3/lib/python3.10/site-packages/tornado/http1connection.py:61(__exit__)
        7    0.000    0.000    0.000    0.000 /usr/lib/python3.10/asyncio/unix_events.py:81(_process_self_data)
        1    0.000    0.000    0.000    0.000 {built-in method builtins.setattr}
        1    0.000    0.000    0.000    0.000 /usr/lib/python3.10/encodings/utf_8_sig.py:50(__init__)
       18    0.000    0.000    0.000    0.000 {method 'add_done_callback' of '_asyncio.Task' objects}
        1    0.000    0.000    0.000    0.000 /usr/lib/python3.10/asyncio/tasks.py:663(__init__)
        6    0.000    0.000    0.000    0.000 /usr/lib/python3.10/concurrent/futures/thread.py:47(__init__)
        5    0.000    0.000    0.000    0.000 /home/wolverine/.pyenv/python3/lib/python3.10/site-packages/tornado/util.py:94(unconsumed_tail)
        7    0.000    0.000    0.000    0.000 <frozen importlib._bootstrap>:244(_verbose_message)
        2    0.000    0.000    0.000    0.000 /home/wolverine/.pyenv/python3/lib/python3.10/site-packages/tornado/websocket.py:1111(wrapper)
        3    0.000    0.000    0.000    0.000 /usr/lib/python3.10/sre_compile.py:516(_get_charset_prefix)
        1    0.000    0.000    0.000    0.000 {built-in method _pycaitlyn.ATUniverseReq_encode}
        5    0.000    0.000    0.000    0.000 /usr/lib/python3.10/ssl.py:618(options)
        1    0.000    0.000    0.000    0.000 <frozen importlib._bootstrap_external>:618(_validate_timestamp_pyc)
        3    0.000    0.000    0.000    0.000 <frozen importlib._bootstrap>:897(__exit__)
        1    0.000    0.000    0.000    0.000 /usr/lib/python3.10/codecs.py:94(__new__)
        3    0.000    0.000    0.000    0.000 {built-in method from_bytes}
        3    0.000    0.000    0.000    0.000 /usr/lib/python3.10/sre_parse.py:76(__init__)
        4    0.000    0.000    0.000    0.000 <frozen importlib._bootstrap_external>:134(<genexpr>)
       23    0.000    0.000    0.000    0.000 {method '__exit__' of '_thread.lock' objects}
       24    0.000    0.000    0.000    0.000 {method 'exception' of '_asyncio.Future' objects}
       31    0.000    0.000    0.000    0.000 {method '__exit__' of '_thread.RLock' objects}
       10    0.000    0.000    0.000    0.000 /usr/lib/python3.10/functools.py:668(<listcomp>)
        2    0.000    0.000    0.000    0.000 {built-in method binascii.b2a_base64}
       16    0.000    0.000    0.000    0.000 /usr/lib/python3.10/_collections_abc.py:409(__subclasshook__)
        6    0.000    0.000    0.000    0.000 /home/wolverine/.pyenv/python3/lib/python3.10/site-packages/tornado/netutil.py:436(<listcomp>)
        7    0.000    0.000    0.000    0.000 /usr/lib/python3.10/sre_parse.py:112(__init__)
       16    0.000    0.000    0.000    0.000 /home/wolverine/.pyenv/python3/lib/python3.10/site-packages/tornado/http1connection.py:58(__enter__)
       12    0.000    0.000    0.000    0.000 /usr/lib/python3.10/sre_parse.py:173(append)
        5    0.000    0.000    0.000    0.000 /home/wolverine/.pyenv/python3/lib/python3.10/site-packages/tornado/simple_httpclient.py:223(_remove_timeout)
        1    0.000    0.000    0.000    0.000 /home/wolverine/bin/running/pycaitlyn.py:7210(get_seq)
        6    0.000    0.000    0.000    0.000 /usr/lib/python3.10/asyncio/futures.py:385(_call_check_cancel)
        1    0.000    0.000    0.000    0.000 /home/wolverine/bin/running/backtest_runner3.py:157(login)
        1    0.000    0.000    0.000    0.000 <frozen importlib._bootstrap>:125(release)
        6    0.000    0.000    0.000    0.000 /home/wolverine/.pyenv/python3/lib/python3.10/site-packages/tornado/httpclient.py:741(__init__)
        1    0.000    0.000    0.000    0.000 /home/wolverine/.pyenv/python3/lib/python3.10/site-packages/tornado/websocket.py:1322(ping_timeout)
        5    0.000    0.000    0.000    0.000 {method 'getvalue' of '_io.BytesIO' objects}
        1    0.000    0.000    0.000    0.000 /usr/lib/python3.10/traceback.py:161(_format_final_exc_line)
        7    0.000    0.000    0.000    0.000 /usr/lib/python3.10/sre_parse.py:287(tell)
        3    0.000    0.000    0.000    0.000 <frozen importlib._bootstrap>:893(__enter__)
        3    0.000    0.000    0.000    0.000 /usr/lib/python3.10/traceback.py:259(__init__)
        1    0.000    0.000    0.000    0.000 {method 'remove' of 'collections.deque' objects}
        3    0.000    0.000    0.000    0.000 {built-in method _sre.compile}
        1    0.000    0.000    0.000    0.000 /home/wolverine/bin/running/pycaitlyn.py:7222(get_error_code)
        1    0.000    0.000    0.000    0.000 <frozen importlib._bootstrap_external>:542(_check_name_wrapper)
        3    0.000    0.000    0.000    0.000 /usr/lib/python3.10/sre_parse.py:928(fix_flags)
        2    0.000    0.000    0.000    0.000 /usr/lib/python3.10/asyncio/queues.py:54(_put)
        8    0.000    0.000    0.000    0.000 {built-in method builtins.next}
        6    0.000    0.000    0.000    0.000 /usr/lib/python3.10/sre_compile.py:619(isstring)
        1    0.000    0.000    0.000    0.000 {built-in method _pycaitlyn.ATUniverseRes_swiginit}
        1    0.000    0.000    0.000    0.000 /usr/lib/python3.10/threading.py:545(__init__)
        5    0.000    0.000    0.000    0.000 {method 'clear' of 'collections.deque' objects}
        5    0.000    0.000    0.000    0.000 /home/wolverine/.pyenv/python3/lib/python3.10/site-packages/tornado/iostream.py:613(<listcomp>)
        1    0.000    0.000    0.000    0.000 {built-in method _pycaitlyn.ATUniverseReq_swiginit}
        1    0.000    0.000    0.000    0.000 <frozen importlib._bootstrap>:357(__init__)
        7    0.000    0.000    0.000    0.000 {built-in method _thread.allocate_lock}
        3    0.000    0.000    0.000    0.000 {built-in method _asyncio._get_running_loop}
        2    0.000    0.000    0.000    0.000 /usr/lib/python3.10/asyncio/queues.py:48(_init)
        7    0.000    0.000    0.000    0.000 /usr/lib/python3.10/sre_parse.py:250(match)
       13    0.000    0.000    0.000    0.000 {method 'isascii' of 'str' objects}
        5    0.000    0.000    0.000    0.000 {built-in method _imp.release_lock}
        1    0.000    0.000    0.000    0.000 <frozen importlib._bootstrap_external>:1040(__init__)
        2    0.000    0.000    0.000    0.000 /usr/lib/python3.10/linecache.py:52(checkcache)
        8    0.000    0.000    0.000    0.000 {built-in method builtins.iter}
        6    0.000    0.000    0.000    0.000 /usr/lib/python3.10/concurrent/futures/_base.py:400(__get_result)
        1    0.000    0.000    0.000    0.000 <frozen importlib._bootstrap>:198(cb)
        1    0.000    0.000    0.000    0.000 /usr/lib/python3.10/asyncio/base_events.py:582(_check_running)
        2    0.000    0.000    0.000    0.000 /usr/lib/python3.10/asyncio/locks.py:183(set)
        2    0.000    0.000    0.000    0.000 /usr/lib/python3.10/asyncio/queues.py:100(full)
        1    0.000    0.000    0.000    0.000 /home/wolverine/.pyenv/python3/lib/python3.10/site-packages/tornado/websocket.py:644(__init__)
        1    0.000    0.000    0.000    0.000 {built-in method _pycaitlyn.IndexSerializer_swiginit}
        1    0.000    0.000    0.000    0.000 <frozen importlib._bootstrap>:1053(_handle_fromlist)
        1    0.000    0.000    0.000    0.000 {method 'digest' of '_hashlib.HASH' objects}
        1    0.000    0.000    0.000    0.000 <frozen importlib._bootstrap_external>:180(_path_isabs)
        4    0.000    0.000    0.000    0.000 /usr/lib/python3.10/asyncio/mixins.py:15(__init__)
        7    0.000    0.000    0.000    0.000 {method 'result' of '_asyncio.Task' objects}
        2    0.000    0.000    0.000    0.000 /home/wolverine/bin/running/backtest_runner3.py:461(next_seq)
        7    0.000    0.000    0.000    0.000 {method '__enter__' of '_thread.lock' objects}
        1    0.000    0.000    0.000    0.000 /home/wolverine/.pyenv/python3/lib/python3.10/site-packages/tornado/queues.py:306(_init)
        6    0.000    0.000    0.000    0.000 /usr/lib/python3.10/sre_parse.py:82(groups)
        3    0.000    0.000    0.000    0.000 {method 'endswith' of 'str' objects}
        1    0.000    0.000    0.000    0.000 <frozen importlib._bootstrap>:404(parent)
        2    0.000    0.000    0.000    0.000 /usr/lib/python3.10/codecs.py:260(__init__)
        1    0.000    0.000    0.000    0.000 {built-in method _pycaitlyn.new_ATUniverseReq}
        2    0.000    0.000    0.000    0.000 /usr/lib/python3.10/threading.py:276(_acquire_restore)
        4    0.000    0.000    0.000    0.000 /home/wolverine/.pyenv/python3/lib/python3.10/site-packages/tornado/websocket.py:1315(ping_interval)
        1    0.000    0.000    0.000    0.000 /home/wolverine/.pyenv/python3/lib/python3.10/site-packages/tornado/locks.py:198(__init__)
        5    0.000    0.000    0.000    0.000 {built-in method _imp.acquire_lock}
        6    0.000    0.000    0.000    0.000 /usr/lib/python3.10/asyncio/queues.py:96(empty)
        1    0.000    0.000    0.000    0.000 <frozen importlib._bootstrap>:48(_new_module)
        1    0.000    0.000    0.000    0.000 <frozen importlib._bootstrap>:165(__init__)
        2    0.000    0.000    0.000    0.000 {method 'update' of '_hashlib.HASH' objects}
        4    0.000    0.000    0.000    0.000 /usr/lib/python3.10/sre_parse.py:169(__setitem__)
        1    0.000    0.000    0.000    0.000 {built-in method _pycaitlyn.new_ATUniverseRes}
        1    0.000    0.000    0.000    0.000 /usr/lib/python3.10/encodings/utf_8_sig.py:26(IncrementalEncoder)
        1    0.000    0.000    0.000    0.000 /usr/lib/python3.10/asyncio/events.py:645(get_event_loop)
        1    0.000    0.000    0.000    0.000 /home/wolverine/.pyenv/python3/lib/python3.10/site-packages/tornado/locks.py:212(set)
        1    0.000    0.000    0.000    0.000 {method 'get' of 'mappingproxy' objects}
        6    0.000    0.000    0.000    0.000 /usr/lib/python3.10/sre_compile.py:477(_get_iscased)
        5    0.000    0.000    0.000    0.000 /home/wolverine/.pyenv/python3/lib/python3.10/site-packages/tornado/simple_httpclient.py:199(_connection_class)
        2    0.000    0.000    0.000    0.000 /usr/lib/python3.10/asyncio/base_events.py:1912(_set_coroutine_origin_tracking)
        6    0.000    0.000    0.000    0.000 /usr/lib/python3.10/asyncio/base_events.py:517(_check_default_executor)
        3    0.000    0.000    0.000    0.000 /usr/lib/python3.10/asyncio/tasks.py:65(_set_task_name)
        2    0.000    0.000    0.000    0.000 /usr/lib/python3.10/asyncio/queues.py:51(_get)
        1    0.000    0.000    0.000    0.000 {built-in method _pycaitlyn.ATUniverseRes_get_seq}
        4    0.000    0.000    0.000    0.000 {built-in method _thread.get_ident}
        1    0.000    0.000    0.000    0.000 /home/wolverine/.pyenv/python3/lib/python3.10/site-packages/tornado/websocket.py:124(__init__)
        2    0.000    0.000    0.000    0.000 /usr/lib/python3.10/threading.py:273(_release_save)
        4    0.000    0.000    0.000    0.000 /usr/lib/python3.10/functools.py:723(<listcomp>)
        1    0.000    0.000    0.000    0.000 /usr/lib/python3.10/encodings/utf_8_sig.py:49(IncrementalDecoder)
        2    0.000    0.000    0.000    0.000 /usr/lib/python3.10/threading.py:279(_is_owned)
        3    0.000    0.000    0.000    0.000 /home/wolverine/.pyenv/python3/lib/python3.10/site-packages/tornado/netutil.py:348(configurable_base)
        2    0.000    0.000    0.000    0.000 /usr/lib/python3.10/functools.py:741(is_related)
        1    0.000    0.000    0.000    0.000 /usr/lib/python3.10/traceback.py:93(_parse_value_tb)
        1    0.000    0.000    0.000    0.000 /usr/lib/python3.10/threading.py:1301(_make_invoke_excepthook)
        8    0.000    0.000    0.000    0.000 {method 'get_loop' of '_asyncio.Future' objects}
        4    0.000    0.000    0.000    0.000 /usr/lib/python3.10/functools.py:724(<listcomp>)
        1    0.000    0.000    0.000    0.000 /home/wolverine/.cursor-server/extensions/ms-python.debugpy-2025.14.1-linux-arm64/bundled/libs/debugpy/_vendored/pydevd/_pydev_bundle/pydev_monkey.py:1099(__init__)
        6    0.000    0.000    0.000    0.000 /usr/lib/python3.10/urllib/parse.py:112(_noop)
        3    0.000    0.000    0.000    0.000 {built-in method posix.fspath}
        2    0.000    0.000    0.000    0.000 {method 'rfind' of 'str' objects}
        1    0.000    0.000    0.000    0.000 /usr/lib/python3.10/encodings/utf_8_sig.py:85(StreamWriter)
        1    0.000    0.000    0.000    0.000 /usr/lib/python3.10/encodings/utf_8_sig.py:97(StreamReader)
        2    0.000    0.000    0.000    0.000 /usr/lib/python3.10/asyncio/locks.py:195(clear)
        6    0.000    0.000    0.000    0.000 {built-in method builtins.ord}
        1    0.000    0.000    0.000    0.000 {built-in method builtins.id}
        1    0.000    0.000    0.000    0.000 {built-in method _pycaitlyn.ATUniverseRes_get_error_code}
        2    0.000    0.000    0.000    0.000 {method 'cancelled' of '_asyncio.Task' objects}
        1    0.000    0.000    0.000    0.000 {method 'update' of 'dict' objects}
        1    0.000    0.000    0.000    0.000 /usr/lib/python3.10/threading.py:1430(current_thread)
        1    0.000    0.000    0.000    0.000 /home/wolverine/.pyenv/python3/lib/python3.10/site-packages/tornado/websocket.py:875(selected_subprotocol)
        2    0.000    0.000    0.000    0.000 /usr/lib/python3.10/functools.py:753(<listcomp>)
        2    0.000    0.000    0.000    0.000 {built-in method builtins.issubclass}
        2    0.000    0.000    0.000    0.000 /home/wolverine/bin/running/backtest_runner3.py:1121(<lambda>)
        1    0.000    0.000    0.000    0.000 {built-in method sys.get_asyncgen_hooks}
        1    0.000    0.000    0.000    0.000 {method 'disable' of '_lsprof.Profiler' objects}
        1    0.000    0.000    0.000    0.000 {built-in method _imp._fix_co_filename}
        1    0.000    0.000    0.000    0.000 /usr/lib/python3.10/asyncio/base_events.py:651(stop)
        1    0.000    0.000    0.000    0.000 <frozen importlib._bootstrap>:746(find_spec)
        1    0.000    0.000    0.000    0.000 /home/wolverine/.pyenv/python3/lib/python3.10/site-packages/tornado/util.py:280(_initialize)
        1    0.000    0.000    0.000    0.000 /usr/lib/python3.10/asyncio/events.py:736(get_event_loop_policy)
        1    0.000    0.000    0.000    0.000 <frozen importlib._bootstrap_external>:1065(get_filename)
        1    0.000    0.000    0.000    0.000 <frozen importlib._bootstrap_external>:71(_relax_case)
        1    0.000    0.000    0.000    0.000 {method 'partition' of 'str' objects}
        2    0.000    0.000    0.000    0.000 {method 'release' of '_thread.lock' objects}
        1    0.000    0.000    0.000    0.000 <frozen importlib._bootstrap_external>:874(create_module)
        1    0.000    0.000    0.000    0.000 /usr/lib/python3.10/asyncio/base_events.py:692(is_running)
        1    0.000    0.000    0.000    0.000 /usr/lib/python3.10/threading.py:1183(daemon)
        1    0.000    0.000    0.000    0.000 <frozen importlib._bootstrap>:412(has_location)
        1    0.000    0.000    0.000    0.000 {method 'exception' of '_asyncio.Task' objects}
        1    0.000    0.000    0.000    0.000 {method 'done' of '_asyncio.Task' objects}
        1    0.000    0.000    0.000    0.000 /usr/lib/python3.10/threading.py:553(is_set)


